<?xml version="1.0" encoding="UTF-8"?>
<!-- Generated by org.testng.reporters.JUnitXMLReporter -->
<testsuite ignored="0" hostname="mindallb794" failures="1" tests="1" name="Test" time="17.78" errors="0" timestamp="2022-11-11T13:46:33 GMT+05:30">
  <testcase classname="runner.PageTest" name="launchPage" time="17.581">
    <failure type="org.openqa.selenium.ElementClickInterceptedException" message="element click intercepted: Element &amp;lt;div class=&amp;quot;css-1dbjc4n r-1awozwy r-1xfd6ze r-1loqt21 r-18u37iz r-1777fci r-1w50u8q r-ah5dr5 r-1otgn73&amp;quot; data-testid=&amp;quot;continue-search-page-cta&amp;quot; style=&amp;quot;padding-right: 38px; padding-left: 38px; background-image: linear-gradient(rgb(252, 182, 62), rgb(247, 148, 29));&amp;quot; data-focusable=&amp;quot;true&amp;quot; tabindex=&amp;quot;0&amp;quot; data-flk-success=&amp;quot;atNodeInserted720&amp;quot; id=&amp;quot;replacedbutton&amp;quot;&amp;gt;...&amp;lt;/div&amp;gt; is not clickable at point (1105, 382). Other element would receive the click: &amp;lt;div id=&amp;quot;myModal&amp;quot; class=&amp;quot;modal&amp;quot; style=&amp;quot;display: block;&amp;quot;&amp;gt;...&amp;lt;/div&amp;gt;
  (Session info: chrome=107.0.5304.88)
Build info: version: &amp;apos;4.6.0&amp;apos;, revision: &amp;apos;79f1c02ae20&amp;apos;
System info: os.name: &amp;apos;Windows 10&amp;apos;, os.arch: &amp;apos;amd64&amp;apos;, os.version: &amp;apos;10.0&amp;apos;, java.version: &amp;apos;17.0.5&amp;apos;
Driver info: org.openqa.selenium.chrome.ChromeDriver
Command: [e86b6645b9c251f36e3d35557e03ed7f, clickElement {id=3e1e7493-b636-40a9-aada-170f499247cc}]
Capabilities {acceptInsecureCerts: false, browserName: chrome, browserVersion: 107.0.5304.88, chrome: {chromedriverVersion: 107.0.5304.62 (1eec40d3a576..., userDataDir: C:\Users\MINDTR~1\AppData\L...}, goog:chromeOptions: {debuggerAddress: localhost:56541}, networkConnectionEnabled: false, pageLoadStrategy: normal, platformName: WINDOWS, proxy: Proxy(), se:cdp: ws://localhost:56541/devtoo..., se:cdpVersion: 107.0.5304.88, setWindowRect: true, strictFileInteractability: false, timeouts: {implicit: 0, pageLoad: 300000, script: 30000}, unhandledPromptBehavior: dismiss and notify, webauthn:extension:credBlob: true, webauthn:extension:largeBlob: true, webauthn:virtualAuthenticators: true}
Element: [[ChromeDriver: chrome on WINDOWS (e86b6645b9c251f36e3d35557e03ed7f)] -&amp;gt; xpath: //*[@id=&amp;quot;replacedbutton&amp;quot;]]
Session ID: e86b6645b9c251f36e3d35557e03ed7f">
      <![CDATA[org.openqa.selenium.ElementClickInterceptedException: element click intercepted: Element <div class="css-1dbjc4n r-1awozwy r-1xfd6ze r-1loqt21 r-18u37iz r-1777fci r-1w50u8q r-ah5dr5 r-1otgn73" data-testid="continue-search-page-cta" style="padding-right: 38px; padding-left: 38px; background-image: linear-gradient(rgb(252, 182, 62), rgb(247, 148, 29));" data-focusable="true" tabindex="0" data-flk-success="atNodeInserted720" id="replacedbutton">...</div> is not clickable at point (1105, 382). Other element would receive the click: <div id="myModal" class="modal" style="display: block;">...</div>
  (Session info: chrome=107.0.5304.88)
Build info: version: '4.6.0', revision: '79f1c02ae20'
System info: os.name: 'Windows 10', os.arch: 'amd64', os.version: '10.0', java.version: '17.0.5'
Driver info: org.openqa.selenium.chrome.ChromeDriver
Command: [e86b6645b9c251f36e3d35557e03ed7f, clickElement {id=3e1e7493-b636-40a9-aada-170f499247cc}]
Capabilities {acceptInsecureCerts: false, browserName: chrome, browserVersion: 107.0.5304.88, chrome: {chromedriverVersion: 107.0.5304.62 (1eec40d3a576..., userDataDir: C:\Users\MINDTR~1\AppData\L...}, goog:chromeOptions: {debuggerAddress: localhost:56541}, networkConnectionEnabled: false, pageLoadStrategy: normal, platformName: WINDOWS, proxy: Proxy(), se:cdp: ws://localhost:56541/devtoo..., se:cdpVersion: 107.0.5304.88, setWindowRect: true, strictFileInteractability: false, timeouts: {implicit: 0, pageLoad: 300000, script: 30000}, unhandledPromptBehavior: dismiss and notify, webauthn:extension:credBlob: true, webauthn:extension:largeBlob: true, webauthn:virtualAuthenticators: true}
Element: [[ChromeDriver: chrome on WINDOWS (e86b6645b9c251f36e3d35557e03ed7f)] -> xpath: //*[@id="replacedbutton"]]
Session ID: e86b6645b9c251f36e3d35557e03ed7f
at org.openqa.selenium.remote.codec.w3c.W3CHttpResponseCodec.createException(W3CHttpResponseCodec.java:200)
at org.openqa.selenium.remote.codec.w3c.W3CHttpResponseCodec.decode(W3CHttpResponseCodec.java:133)
at org.openqa.selenium.remote.codec.w3c.W3CHttpResponseCodec.decode(W3CHttpResponseCodec.java:53)
at org.openqa.selenium.remote.HttpCommandExecutor.execute(HttpCommandExecutor.java:184)
at org.openqa.selenium.remote.service.DriverCommandExecutor.invokeExecute(DriverCommandExecutor.java:167)
at org.openqa.selenium.remote.service.DriverCommandExecutor.execute(DriverCommandExecutor.java:142)
at org.openqa.selenium.remote.RemoteWebDriver.execute(RemoteWebDriver.java:541)
at org.openqa.selenium.remote.RemoteWebElement.execute(RemoteWebElement.java:257)
at org.openqa.selenium.remote.RemoteWebElement.click(RemoteWebElement.java:78)
at pageObject.SearchPage.selcontinue(SearchPage.java:45)
at runner.PageTest.launchPage(PageTest.java:41)
at java.base/java.util.ArrayList.forEach(ArrayList.java:1511)
... Removed 32 stack frames]]>
    </failure>
  </testcase> <!-- launchPage -->
</testsuite> <!-- Test -->
